# JRE version: OpenJDK Runtime Environment Temurin-11.0.16+8 (11.0.16+8) (build 11.0.16+8)
# Java VM: OpenJDK 64-Bit Server VM Temurin-11.0.16+8 (11.0.16+8, mixed mode, tiered, compressed oops, g1 gc, windows-amd64)
Heap:
 garbage-first heap   total 365568K, used 100236K [0x000000070aa00000, 0x0000000800000000)
  region size 1024K, 11 young (11264K), 11 survivors (11264K)
 Metaspace       used 60620K, capacity 64440K, committed 64560K, reserved 1105920K
  class space    used 6742K, capacity 8482K, committed 8576K, reserved 1048576K
GC Heap History (20 events):
Event: 173.748 GC heap after
{Heap after GC invocations=18 (full 0):
 garbage-first heap   total 251904K, used 87273K [0x000000070aa00000, 0x0000000800000000)
  region size 1024K, 9 young (9216K), 9 survivors (9216K)
 Metaspace       used 58695K, capacity 62324K, committed 62384K, reserved 1103872K
  class space    used 6535K, capacity 8165K, committed 8192K, reserved 1048576K
}
Event: 173.860 GC heap before
{Heap before GC invocations=18 (full 0):
 garbage-first heap   total 251904K, used 213225K [0x000000070aa00000, 0x0000000800000000)
  region size 1024K, 132 young (135168K), 9 survivors (9216K)
 Metaspace       used 58697K, capacity 62324K, committed 62384K, reserved 1103872K
  class space    used 6535K, capacity 8165K, committed 8192K, reserved 1048576K
}
Event: 173.864 GC heap after
{Heap after GC invocations=19 (full 0):
 garbage-first heap   total 251904K, used 89666K [0x000000070aa00000, 0x0000000800000000)
  region size 1024K, 10 young (10240K), 10 survivors (10240K)
 Metaspace       used 58697K, capacity 62324K, committed 62384K, reserved 1103872K
  class space    used 6535K, capacity 8165K, committed 8192K, reserved 1048576K
}
Event: 174.004 GC heap before
{Heap before GC invocations=19 (full 0):
 garbage-first heap   total 251904K, used 213570K [0x000000070aa00000, 0x0000000800000000)
  region size 1024K, 131 young (134144K), 10 survivors (10240K)
 Metaspace       used 58698K, capacity 62324K, committed 62384K, reserved 1103872K
  class space    used 6535K, capacity 8165K, committed 8192K, reserved 1048576K
}
Event: 174.008 GC heap after
{Heap after GC invocations=20 (full 0):
 garbage-first heap   total 251904K, used 91379K [0x000000070aa00000, 0x0000000800000000)
  region size 1024K, 9 young (9216K), 9 survivors (9216K)
 Metaspace       used 58698K, capacity 62324K, committed 62384K, reserved 1103872K
  class space    used 6535K, capacity 8165K, committed 8192K, reserved 1048576K
}
Event: 174.308 GC heap before
{Heap before GC invocations=20 (full 0):
 garbage-first heap   total 251904K, used 214259K [0x000000070aa00000, 0x0000000800000000)
  region size 1024K, 129 young (132096K), 9 survivors (9216K)
 Metaspace       used 59186K, capacity 62849K, committed 63024K, reserved 1103872K
  class space    used 6585K, capacity 8205K, committed 8320K, reserved 1048576K
}
Event: 174.313 GC heap after
{Heap after GC invocations=21 (full 0):
 garbage-first heap   total 251904K, used 92403K [0x000000070aa00000, 0x0000000800000000)
  region size 1024K, 10 young (10240K), 10 survivors (10240K)
 Metaspace       used 59186K, capacity 62849K, committed 63024K, reserved 1103872K
  class space    used 6585K, capacity 8205K, committed 8320K, reserved 1048576K
}
Event: 174.469 GC heap before
{Heap before GC invocations=21 (full 0):
 garbage-first heap   total 251904K, used 214259K [0x000000070aa00000, 0x0000000800000000)
  region size 1024K, 129 young (132096K), 10 survivors (10240K)
 Metaspace       used 59365K, capacity 62977K, committed 63280K, reserved 1103872K
  class space    used 6587K, capacity 8205K, committed 8320K, reserved 1048576K
}
Event: 174.475 GC heap after
{Heap after GC invocations=22 (full 0):
 garbage-first heap   total 251904K, used 94432K [0x000000070aa00000, 0x0000000800000000)
  region size 1024K, 11 young (11264K), 11 survivors (11264K)
 Metaspace       used 59365K, capacity 62977K, committed 63280K, reserved 1103872K
  class space    used 6587K, capacity 8205K, committed 8320K, reserved 1048576K
}
Event: 174.786 GC heap before
{Heap before GC invocations=22 (full 0):
 garbage-first heap   total 251904K, used 214240K [0x000000070aa00000, 0x0000000800000000)
  region size 1024K, 128 young (131072K), 11 survivors (11264K)
 Metaspace       used 59544K, capacity 63194K, committed 63280K, reserved 1103872K
  class space    used 6598K, capacity 8255K, committed 8320K, reserved 1048576K
}
Event: 174.792 GC heap after
{Heap after GC invocations=23 (full 0):
 garbage-first heap   total 251904K, used 95584K [0x000000070aa00000, 0x0000000800000000)
  region size 1024K, 10 young (10240K), 10 survivors (10240K)
 Metaspace       used 59544K, capacity 63194K, committed 63280K, reserved 1103872K
  class space    used 6598K, capacity 8255K, committed 8320K, reserved 1048576K
}
Event: 175.084 GC heap before
{Heap before GC invocations=23 (full 0):
 garbage-first heap   total 251904K, used 214368K [0x000000070aa00000, 0x0000000800000000)
  region size 1024K, 126 young (129024K), 10 survivors (10240K)
 Metaspace       used 60207K, capacity 63868K, committed 64176K, reserved 1105920K
  class space    used 6670K, capacity 8353K, committed 8448K, reserved 1048576K
}
Event: 175.090 GC heap after
{Heap after GC invocations=24 (full 0):
 garbage-first heap   total 303104K, used 98705K [0x000000070aa00000, 0x0000000800000000)
  region size 1024K, 11 young (11264K), 11 survivors (11264K)
 Metaspace       used 60207K, capacity 63868K, committed 64176K, reserved 1105920K
  class space    used 6670K, capacity 8353K, committed 8448K, reserved 1048576K
}
Event: 175.225 GC heap before
{Heap before GC invocations=24 (full 0):
 garbage-first heap   total 303104K, used 247185K [0x000000070aa00000, 0x0000000800000000)
  region size 1024K, 156 young (159744K), 11 survivors (11264K)
 Metaspace       used 60207K, capacity 63868K, committed 64176K, reserved 1105920K
  class space    used 6670K, capacity 8353K, committed 8448K, reserved 1048576K
}
Event: 175.229 GC heap after
{Heap after GC invocations=25 (full 0):
 garbage-first heap   total 303104K, used 98654K [0x000000070aa00000, 0x0000000800000000)
  region size 1024K, 11 young (11264K), 11 survivors (11264K)
 Metaspace       used 60207K, capacity 63868K, committed 64176K, reserved 1105920K
  class space    used 6670K, capacity 8353K, committed 8448K, reserved 1048576K
}
Event: 175.437 GC heap before
{Heap before GC invocations=25 (full 0):
 garbage-first heap   total 303104K, used 257374K [0x000000070aa00000, 0x0000000800000000)
  region size 1024K, 166 young (169984K), 11 survivors (11264K)
 Metaspace       used 60578K, capacity 64376K, committed 64560K, reserved 1105920K
  class space    used 6742K, capacity 8482K, committed 8576K, reserved 1048576K
}
Event: 175.443 GC heap after
{Heap after GC invocations=26 (full 0):
 garbage-first heap   total 303104K, used 100432K [0x000000070aa00000, 0x0000000800000000)
  region size 1024K, 13 young (13312K), 13 survivors (13312K)
 Metaspace       used 60578K, capacity 64376K, committed 64560K, reserved 1105920K
  class space    used 6742K, capacity 8482K, committed 8576K, reserved 1048576K
}
Event: 175.634 GC heap before
{Heap before GC invocations=26 (full 0):
 garbage-first heap   total 303104K, used 258128K [0x000000070aa00000, 0x0000000800000000)
  region size 1024K, 167 young (171008K), 13 survivors (13312K)
 Metaspace       used 60614K, capacity 64440K, committed 64560K, reserved 1105920K
  class space    used 6742K, capacity 8482K, committed 8576K, reserved 1048576K
}
Event: 175.639 GC heap after
{Heap after GC invocations=27 (full 0):
 garbage-first heap   total 303104K, used 100287K [0x000000070aa00000, 0x0000000800000000)
  region size 1024K, 11 young (11264K), 11 survivors (11264K)
 Metaspace       used 60614K, capacity 64440K, committed 64560K, reserved 1105920K
  class space    used 6742K, capacity 8482K, committed 8576K, reserved 1048576K
}
Event: 175.809 GC heap before
{Heap before GC invocations=27 (full 0):
 garbage-first heap   total 303104K, used 260031K [0x000000070aa00000, 0x0000000800000000)
  region size 1024K, 167 young (171008K), 11 survivors (11264K)
 Metaspace       used 60620K, capacity 64440K, committed 64560K, reserved 1105920K
  class space    used 6742K, capacity 8482K, committed 8576K, reserved 1048576K
}

